<?xml version="1.0" encoding="UTF-8"?>
<!-- Generated by org.testng.reporters.JUnitReportReporter -->
<testsuite hostname="SKY-20150821CXM" name="com.lls.com.lls.DealPTest" tests="1" failures="0" timestamp="19 Dec 2016 01:54:16 GMT" time="0.001" errors="0">
  <testcase name="f" time="0.001" classname="com.lls.com.lls.DealPTest"/>
</testsuite> <!-- com.lls.com.lls.DealPTest -->
