<?xml version="1.0" encoding="UTF-8"?>
<!-- Generated by org.testng.reporters.JUnitReportReporter -->
<testsuite hostname="SKY-20150821CXM" name="com.lls.testng.TestDeal" tests="1" failures="0" timestamp="20 Dec 2016 03:59:52 GMT" time="14.982" errors="0">
  <testcase name="f" time="14.982" classname="com.lls.testng.TestDeal"/>
</testsuite> <!-- com.lls.testng.TestDeal -->
