<?xml version="1.0" encoding="UTF-8"?>
<!-- Generated by org.testng.reporters.JUnitReportReporter -->
<testsuite hostname="SKY-20150821CXM" name="com.lls.testng.NewTest" tests="3" failures="0" timestamp="20 Dec 2016 03:57:51 GMT" time="0.008" errors="0">
  <testcase name="b" time="0.001" classname="com.lls.testng.NewTest"/>
  <testcase name="a" time="0.000" classname="com.lls.testng.NewTest"/>
  <testcase name="c" time="0.007" classname="com.lls.testng.NewTest"/>
</testsuite> <!-- com.lls.testng.NewTest -->
